CRITICAL - 2023-08-08 03:46:25 --> Invalid file: "structure.php"
in SYSTEMPATH\Exceptions\FrameworkException.php on line 33.
 1 SYSTEMPATH\View\View.php(212): CodeIgniter\Exceptions\FrameworkException::forInvalidFile('structure.php')
 2 SYSTEMPATH\View\View.php(452): CodeIgniter\View\View->render('structure', null, true)
 3 APPPATH\Views\admin\admin_home.php(3776): CodeIgniter\View\View->include('structure')
 4 SYSTEMPATH\View\View.php(224): include('E:\\laragon_test\\www\\print_document\\app\\Views\\admin\\admin_home.php')
 5 SYSTEMPATH\View\View.php(227): CodeIgniter\View\View->CodeIgniter\View\{closure}()
 6 SYSTEMPATH\Common.php(1176): CodeIgniter\View\View->render('admin/admin_home', [], true)
 7 APPPATH\Controllers\Admin.php(7): view('admin/admin_home')
 8 SYSTEMPATH\CodeIgniter.php(932): App\Controllers\Admin->index()
 9 SYSTEMPATH\CodeIgniter.php(497): CodeIgniter\CodeIgniter->runController(Object(App\Controllers\Admin))
10 SYSTEMPATH\CodeIgniter.php(366): CodeIgniter\CodeIgniter->handleRequest(null, Object(Config\Cache), false)
11 FCPATH\index.php(67): CodeIgniter\CodeIgniter->run()
CRITICAL - 2023-08-08 03:46:38 --> Invalid file: "structure.php"
in SYSTEMPATH\Exceptions\FrameworkException.php on line 33.
 1 SYSTEMPATH\View\View.php(212): CodeIgniter\Exceptions\FrameworkException::forInvalidFile('structure.php')
 2 SYSTEMPATH\View\View.php(452): CodeIgniter\View\View->render('structure', null, true)
 3 APPPATH\Views\admin\admin_home.php(3776): CodeIgniter\View\View->include('structure')
 4 SYSTEMPATH\View\View.php(224): include('E:\\laragon_test\\www\\print_document\\app\\Views\\admin\\admin_home.php')
 5 SYSTEMPATH\View\View.php(227): CodeIgniter\View\View->CodeIgniter\View\{closure}()
 6 SYSTEMPATH\Common.php(1176): CodeIgniter\View\View->render('admin/admin_home', [], true)
 7 APPPATH\Controllers\Admin.php(7): view('admin/admin_home')
 8 SYSTEMPATH\CodeIgniter.php(932): App\Controllers\Admin->index()
 9 SYSTEMPATH\CodeIgniter.php(497): CodeIgniter\CodeIgniter->runController(Object(App\Controllers\Admin))
10 SYSTEMPATH\CodeIgniter.php(366): CodeIgniter\CodeIgniter->handleRequest(null, Object(Config\Cache), false)
11 FCPATH\index.php(67): CodeIgniter\CodeIgniter->run()
CRITICAL - 2023-08-08 03:46:39 --> Invalid file: "structure.php"
in SYSTEMPATH\Exceptions\FrameworkException.php on line 33.
 1 SYSTEMPATH\View\View.php(212): CodeIgniter\Exceptions\FrameworkException::forInvalidFile('structure.php')
 2 SYSTEMPATH\View\View.php(452): CodeIgniter\View\View->render('structure', null, true)
 3 APPPATH\Views\admin\admin_home.php(3776): CodeIgniter\View\View->include('structure')
 4 SYSTEMPATH\View\View.php(224): include('E:\\laragon_test\\www\\print_document\\app\\Views\\admin\\admin_home.php')
 5 SYSTEMPATH\View\View.php(227): CodeIgniter\View\View->CodeIgniter\View\{closure}()
 6 SYSTEMPATH\Common.php(1176): CodeIgniter\View\View->render('admin/admin_home', [], true)
 7 APPPATH\Controllers\Admin.php(7): view('admin/admin_home')
 8 SYSTEMPATH\CodeIgniter.php(932): App\Controllers\Admin->index()
 9 SYSTEMPATH\CodeIgniter.php(497): CodeIgniter\CodeIgniter->runController(Object(App\Controllers\Admin))
10 SYSTEMPATH\CodeIgniter.php(366): CodeIgniter\CodeIgniter->handleRequest(null, Object(Config\Cache), false)
11 FCPATH\index.php(67): CodeIgniter\CodeIgniter->run()
CRITICAL - 2023-08-08 03:46:39 --> Invalid file: "structure.php"
in SYSTEMPATH\Exceptions\FrameworkException.php on line 33.
 1 SYSTEMPATH\View\View.php(212): CodeIgniter\Exceptions\FrameworkException::forInvalidFile('structure.php')
 2 SYSTEMPATH\View\View.php(452): CodeIgniter\View\View->render('structure', null, true)
 3 APPPATH\Views\admin\admin_home.php(3776): CodeIgniter\View\View->include('structure')
 4 SYSTEMPATH\View\View.php(224): include('E:\\laragon_test\\www\\print_document\\app\\Views\\admin\\admin_home.php')
 5 SYSTEMPATH\View\View.php(227): CodeIgniter\View\View->CodeIgniter\View\{closure}()
 6 SYSTEMPATH\Common.php(1176): CodeIgniter\View\View->render('admin/admin_home', [], true)
 7 APPPATH\Controllers\Admin.php(7): view('admin/admin_home')
 8 SYSTEMPATH\CodeIgniter.php(932): App\Controllers\Admin->index()
 9 SYSTEMPATH\CodeIgniter.php(497): CodeIgniter\CodeIgniter->runController(Object(App\Controllers\Admin))
10 SYSTEMPATH\CodeIgniter.php(366): CodeIgniter\CodeIgniter->handleRequest(null, Object(Config\Cache), false)
11 FCPATH\index.php(67): CodeIgniter\CodeIgniter->run()
CRITICAL - 2023-08-08 03:46:39 --> Invalid file: "structure.php"
in SYSTEMPATH\Exceptions\FrameworkException.php on line 33.
 1 SYSTEMPATH\View\View.php(212): CodeIgniter\Exceptions\FrameworkException::forInvalidFile('structure.php')
 2 SYSTEMPATH\View\View.php(452): CodeIgniter\View\View->render('structure', null, true)
 3 APPPATH\Views\admin\admin_home.php(3776): CodeIgniter\View\View->include('structure')
 4 SYSTEMPATH\View\View.php(224): include('E:\\laragon_test\\www\\print_document\\app\\Views\\admin\\admin_home.php')
 5 SYSTEMPATH\View\View.php(227): CodeIgniter\View\View->CodeIgniter\View\{closure}()
 6 SYSTEMPATH\Common.php(1176): CodeIgniter\View\View->render('admin/admin_home', [], true)
 7 APPPATH\Controllers\Admin.php(7): view('admin/admin_home')
 8 SYSTEMPATH\CodeIgniter.php(932): App\Controllers\Admin->index()
 9 SYSTEMPATH\CodeIgniter.php(497): CodeIgniter\CodeIgniter->runController(Object(App\Controllers\Admin))
10 SYSTEMPATH\CodeIgniter.php(366): CodeIgniter\CodeIgniter->handleRequest(null, Object(Config\Cache), false)
11 FCPATH\index.php(67): CodeIgniter\CodeIgniter->run()
CRITICAL - 2023-08-08 03:46:39 --> Invalid file: "structure.php"
in SYSTEMPATH\Exceptions\FrameworkException.php on line 33.
 1 SYSTEMPATH\View\View.php(212): CodeIgniter\Exceptions\FrameworkException::forInvalidFile('structure.php')
 2 SYSTEMPATH\View\View.php(452): CodeIgniter\View\View->render('structure', null, true)
 3 APPPATH\Views\admin\admin_home.php(3776): CodeIgniter\View\View->include('structure')
 4 SYSTEMPATH\View\View.php(224): include('E:\\laragon_test\\www\\print_document\\app\\Views\\admin\\admin_home.php')
 5 SYSTEMPATH\View\View.php(227): CodeIgniter\View\View->CodeIgniter\View\{closure}()
 6 SYSTEMPATH\Common.php(1176): CodeIgniter\View\View->render('admin/admin_home', [], true)
 7 APPPATH\Controllers\Admin.php(7): view('admin/admin_home')
 8 SYSTEMPATH\CodeIgniter.php(932): App\Controllers\Admin->index()
 9 SYSTEMPATH\CodeIgniter.php(497): CodeIgniter\CodeIgniter->runController(Object(App\Controllers\Admin))
10 SYSTEMPATH\CodeIgniter.php(366): CodeIgniter\CodeIgniter->handleRequest(null, Object(Config\Cache), false)
11 FCPATH\index.php(67): CodeIgniter\CodeIgniter->run()
CRITICAL - 2023-08-08 03:46:40 --> Invalid file: "structure.php"
in SYSTEMPATH\Exceptions\FrameworkException.php on line 33.
 1 SYSTEMPATH\View\View.php(212): CodeIgniter\Exceptions\FrameworkException::forInvalidFile('structure.php')
 2 SYSTEMPATH\View\View.php(452): CodeIgniter\View\View->render('structure', null, true)
 3 APPPATH\Views\admin\admin_home.php(3776): CodeIgniter\View\View->include('structure')
 4 SYSTEMPATH\View\View.php(224): include('E:\\laragon_test\\www\\print_document\\app\\Views\\admin\\admin_home.php')
 5 SYSTEMPATH\View\View.php(227): CodeIgniter\View\View->CodeIgniter\View\{closure}()
 6 SYSTEMPATH\Common.php(1176): CodeIgniter\View\View->render('admin/admin_home', [], true)
 7 APPPATH\Controllers\Admin.php(7): view('admin/admin_home')
 8 SYSTEMPATH\CodeIgniter.php(932): App\Controllers\Admin->index()
 9 SYSTEMPATH\CodeIgniter.php(497): CodeIgniter\CodeIgniter->runController(Object(App\Controllers\Admin))
10 SYSTEMPATH\CodeIgniter.php(366): CodeIgniter\CodeIgniter->handleRequest(null, Object(Config\Cache), false)
11 FCPATH\index.php(67): CodeIgniter\CodeIgniter->run()
CRITICAL - 2023-08-08 03:46:40 --> Invalid file: "structure.php"
in SYSTEMPATH\Exceptions\FrameworkException.php on line 33.
 1 SYSTEMPATH\View\View.php(212): CodeIgniter\Exceptions\FrameworkException::forInvalidFile('structure.php')
 2 SYSTEMPATH\View\View.php(452): CodeIgniter\View\View->render('structure', null, true)
 3 APPPATH\Views\admin\admin_home.php(3776): CodeIgniter\View\View->include('structure')
 4 SYSTEMPATH\View\View.php(224): include('E:\\laragon_test\\www\\print_document\\app\\Views\\admin\\admin_home.php')
 5 SYSTEMPATH\View\View.php(227): CodeIgniter\View\View->CodeIgniter\View\{closure}()
 6 SYSTEMPATH\Common.php(1176): CodeIgniter\View\View->render('admin/admin_home', [], true)
 7 APPPATH\Controllers\Admin.php(7): view('admin/admin_home')
 8 SYSTEMPATH\CodeIgniter.php(932): App\Controllers\Admin->index()
 9 SYSTEMPATH\CodeIgniter.php(497): CodeIgniter\CodeIgniter->runController(Object(App\Controllers\Admin))
10 SYSTEMPATH\CodeIgniter.php(366): CodeIgniter\CodeIgniter->handleRequest(null, Object(Config\Cache), false)
11 FCPATH\index.php(67): CodeIgniter\CodeIgniter->run()
CRITICAL - 2023-08-08 03:46:40 --> Invalid file: "structure.php"
in SYSTEMPATH\Exceptions\FrameworkException.php on line 33.
 1 SYSTEMPATH\View\View.php(212): CodeIgniter\Exceptions\FrameworkException::forInvalidFile('structure.php')
 2 SYSTEMPATH\View\View.php(452): CodeIgniter\View\View->render('structure', null, true)
 3 APPPATH\Views\admin\admin_home.php(3776): CodeIgniter\View\View->include('structure')
 4 SYSTEMPATH\View\View.php(224): include('E:\\laragon_test\\www\\print_document\\app\\Views\\admin\\admin_home.php')
 5 SYSTEMPATH\View\View.php(227): CodeIgniter\View\View->CodeIgniter\View\{closure}()
 6 SYSTEMPATH\Common.php(1176): CodeIgniter\View\View->render('admin/admin_home', [], true)
 7 APPPATH\Controllers\Admin.php(7): view('admin/admin_home')
 8 SYSTEMPATH\CodeIgniter.php(932): App\Controllers\Admin->index()
 9 SYSTEMPATH\CodeIgniter.php(497): CodeIgniter\CodeIgniter->runController(Object(App\Controllers\Admin))
10 SYSTEMPATH\CodeIgniter.php(366): CodeIgniter\CodeIgniter->handleRequest(null, Object(Config\Cache), false)
11 FCPATH\index.php(67): CodeIgniter\CodeIgniter->run()
CRITICAL - 2023-08-08 04:07:49 --> Invalid file: "admin_structure/test.php"
in SYSTEMPATH\Exceptions\FrameworkException.php on line 33.
 1 SYSTEMPATH\View\View.php(212): CodeIgniter\Exceptions\FrameworkException::forInvalidFile('admin_structure/test.php')
 2 SYSTEMPATH\Common.php(1176): CodeIgniter\View\View->render('admin_structure/test', [], true)
 3 APPPATH\Controllers\Structure.php(7): view('admin_structure/test')
 4 SYSTEMPATH\CodeIgniter.php(932): App\Controllers\Structure->index()
 5 SYSTEMPATH\CodeIgniter.php(497): CodeIgniter\CodeIgniter->runController(Object(App\Controllers\Structure))
 6 SYSTEMPATH\CodeIgniter.php(366): CodeIgniter\CodeIgniter->handleRequest(null, Object(Config\Cache), false)
 7 FCPATH\index.php(67): CodeIgniter\CodeIgniter->run()
CRITICAL - 2023-08-08 04:11:23 --> Invalid file: "structure.php"
in SYSTEMPATH\Exceptions\FrameworkException.php on line 33.
 1 SYSTEMPATH\View\View.php(212): CodeIgniter\Exceptions\FrameworkException::forInvalidFile('structure.php')
 2 SYSTEMPATH\View\View.php(452): CodeIgniter\View\View->render('structure', null, true)
 3 APPPATH\Views\admin\admin_home.php(3774): CodeIgniter\View\View->include('structure')
 4 SYSTEMPATH\View\View.php(224): include('E:\\laragon_test\\www\\print_document\\app\\Views\\admin\\admin_home.php')
 5 SYSTEMPATH\View\View.php(227): CodeIgniter\View\View->CodeIgniter\View\{closure}()
 6 SYSTEMPATH\Common.php(1176): CodeIgniter\View\View->render('admin/admin_home', [], true)
 7 APPPATH\Controllers\Admin.php(7): view('admin/admin_home')
 8 SYSTEMPATH\CodeIgniter.php(932): App\Controllers\Admin->index()
 9 SYSTEMPATH\CodeIgniter.php(497): CodeIgniter\CodeIgniter->runController(Object(App\Controllers\Admin))
10 SYSTEMPATH\CodeIgniter.php(366): CodeIgniter\CodeIgniter->handleRequest(null, Object(Config\Cache), false)
11 FCPATH\index.php(67): CodeIgniter\CodeIgniter->run()
CRITICAL - 2023-08-08 04:12:24 --> Undefined property: CodeIgniter\View\View::$load
in APPPATH\Views\admin\admin_home.php on line 3774.
 1 APPPATH\Views\admin\admin_home.php(3774): CodeIgniter\Debug\Exceptions->errorHandler(2, 'Undefined property: CodeIgniter\\View\\View::$load', 'E:\\laragon_test\\www\\print_document\\app\\Views\\admin\\admin_home.php', 3774)
 2 SYSTEMPATH\View\View.php(224): include('E:\\laragon_test\\www\\print_document\\app\\Views\\admin\\admin_home.php')
 3 SYSTEMPATH\View\View.php(227): CodeIgniter\View\View->CodeIgniter\View\{closure}()
 4 SYSTEMPATH\Common.php(1176): CodeIgniter\View\View->render('admin/admin_home', [], true)
 5 APPPATH\Controllers\Admin.php(7): view('admin/admin_home')
 6 SYSTEMPATH\CodeIgniter.php(932): App\Controllers\Admin->index()
 7 SYSTEMPATH\CodeIgniter.php(497): CodeIgniter\CodeIgniter->runController(Object(App\Controllers\Admin))
 8 SYSTEMPATH\CodeIgniter.php(366): CodeIgniter\CodeIgniter->handleRequest(null, Object(Config\Cache), false)
 9 FCPATH\index.php(67): CodeIgniter\CodeIgniter->run()
CRITICAL - 2023-08-08 04:13:46 --> Undefined property: CodeIgniter\View\View::$load
in APPPATH\Views\admin\admin_home.php on line 3774.
 1 APPPATH\Views\admin\admin_home.php(3774): CodeIgniter\Debug\Exceptions->errorHandler(2, 'Undefined property: CodeIgniter\\View\\View::$load', 'E:\\laragon_test\\www\\print_document\\app\\Views\\admin\\admin_home.php', 3774)
 2 SYSTEMPATH\View\View.php(224): include('E:\\laragon_test\\www\\print_document\\app\\Views\\admin\\admin_home.php')
 3 SYSTEMPATH\View\View.php(227): CodeIgniter\View\View->CodeIgniter\View\{closure}()
 4 SYSTEMPATH\Common.php(1176): CodeIgniter\View\View->render('admin/admin_home', [], true)
 5 APPPATH\Controllers\Admin.php(7): view('admin/admin_home')
 6 SYSTEMPATH\CodeIgniter.php(932): App\Controllers\Admin->index()
 7 SYSTEMPATH\CodeIgniter.php(497): CodeIgniter\CodeIgniter->runController(Object(App\Controllers\Admin))
 8 SYSTEMPATH\CodeIgniter.php(366): CodeIgniter\CodeIgniter->handleRequest(null, Object(Config\Cache), false)
 9 FCPATH\index.php(67): CodeIgniter\CodeIgniter->run()
CRITICAL - 2023-08-08 04:28:26 --> include(Structure): Failed to open stream: No such file or directory
in APPPATH\Views\admin\admin_home.php on line 3774.
 1 APPPATH\Views\admin\admin_home.php(3774): CodeIgniter\Debug\Exceptions->errorHandler(2, 'include(Structure): Failed to open stream: No such file or directory', 'E:\\laragon_test\\www\\print_document\\app\\Views\\admin\\admin_home.php', 3774)
 2 APPPATH\Views\admin\admin_home.php(3774): include()
 3 SYSTEMPATH\View\View.php(224): include('E:\\laragon_test\\www\\print_document\\app\\Views\\admin\\admin_home.php')
 4 SYSTEMPATH\View\View.php(227): CodeIgniter\View\View->CodeIgniter\View\{closure}()
 5 SYSTEMPATH\Common.php(1176): CodeIgniter\View\View->render('admin/admin_home', [], true)
 6 APPPATH\Controllers\Admin.php(7): view('admin/admin_home')
 7 SYSTEMPATH\CodeIgniter.php(932): App\Controllers\Admin->index()
 8 SYSTEMPATH\CodeIgniter.php(497): CodeIgniter\CodeIgniter->runController(Object(App\Controllers\Admin))
 9 SYSTEMPATH\CodeIgniter.php(366): CodeIgniter\CodeIgniter->handleRequest(null, Object(Config\Cache), false)
10 FCPATH\index.php(67): CodeIgniter\CodeIgniter->run()
CRITICAL - 2023-08-08 04:35:42 --> Invalid file: "Structure.php"
in SYSTEMPATH\Exceptions\FrameworkException.php on line 33.
 1 SYSTEMPATH\View\View.php(212): CodeIgniter\Exceptions\FrameworkException::forInvalidFile('Structure.php')
 2 SYSTEMPATH\Common.php(1176): CodeIgniter\View\View->render('Structure', [], true)
 3 APPPATH\Views\admin\admin_home.php(3774): view('Structure')
 4 SYSTEMPATH\View\View.php(224): include('E:\\laragon_test\\www\\print_document\\app\\Views\\admin\\admin_home.php')
 5 SYSTEMPATH\View\View.php(227): CodeIgniter\View\View->CodeIgniter\View\{closure}()
 6 SYSTEMPATH\Common.php(1176): CodeIgniter\View\View->render('admin/admin_home', [], true)
 7 APPPATH\Controllers\Admin.php(7): view('admin/admin_home')
 8 SYSTEMPATH\CodeIgniter.php(932): App\Controllers\Admin->index()
 9 SYSTEMPATH\CodeIgniter.php(497): CodeIgniter\CodeIgniter->runController(Object(App\Controllers\Admin))
10 SYSTEMPATH\CodeIgniter.php(366): CodeIgniter\CodeIgniter->handleRequest(null, Object(Config\Cache), false)
11 FCPATH\index.php(67): CodeIgniter\CodeIgniter->run()
CRITICAL - 2023-08-08 04:37:07 --> Invalid file: "Structure.php"
in SYSTEMPATH\Exceptions\FrameworkException.php on line 33.
 1 SYSTEMPATH\View\View.php(212): CodeIgniter\Exceptions\FrameworkException::forInvalidFile('Structure.php')
 2 SYSTEMPATH\Common.php(1176): CodeIgniter\View\View->render('Structure', [], true)
 3 APPPATH\Views\admin\admin_home.php(3774): view('Structure')
 4 SYSTEMPATH\View\View.php(224): include('E:\\laragon_test\\www\\print_document\\app\\Views\\admin\\admin_home.php')
 5 SYSTEMPATH\View\View.php(227): CodeIgniter\View\View->CodeIgniter\View\{closure}()
 6 SYSTEMPATH\Common.php(1176): CodeIgniter\View\View->render('admin/admin_home', [], true)
 7 APPPATH\Controllers\Admin.php(7): view('admin/admin_home')
 8 SYSTEMPATH\CodeIgniter.php(932): App\Controllers\Admin->index()
 9 SYSTEMPATH\CodeIgniter.php(497): CodeIgniter\CodeIgniter->runController(Object(App\Controllers\Admin))
10 SYSTEMPATH\CodeIgniter.php(366): CodeIgniter\CodeIgniter->handleRequest(null, Object(Config\Cache), false)
11 FCPATH\index.php(67): CodeIgniter\CodeIgniter->run()
CRITICAL - 2023-08-08 04:37:08 --> Invalid file: "Structure.php"
in SYSTEMPATH\Exceptions\FrameworkException.php on line 33.
 1 SYSTEMPATH\View\View.php(212): CodeIgniter\Exceptions\FrameworkException::forInvalidFile('Structure.php')
 2 SYSTEMPATH\Common.php(1176): CodeIgniter\View\View->render('Structure', [], true)
 3 APPPATH\Views\admin\admin_home.php(3774): view('Structure')
 4 SYSTEMPATH\View\View.php(224): include('E:\\laragon_test\\www\\print_document\\app\\Views\\admin\\admin_home.php')
 5 SYSTEMPATH\View\View.php(227): CodeIgniter\View\View->CodeIgniter\View\{closure}()
 6 SYSTEMPATH\Common.php(1176): CodeIgniter\View\View->render('admin/admin_home', [], true)
 7 APPPATH\Controllers\Admin.php(7): view('admin/admin_home')
 8 SYSTEMPATH\CodeIgniter.php(932): App\Controllers\Admin->index()
 9 SYSTEMPATH\CodeIgniter.php(497): CodeIgniter\CodeIgniter->runController(Object(App\Controllers\Admin))
10 SYSTEMPATH\CodeIgniter.php(366): CodeIgniter\CodeIgniter->handleRequest(null, Object(Config\Cache), false)
11 FCPATH\index.php(67): CodeIgniter\CodeIgniter->run()
CRITICAL - 2023-08-08 04:37:08 --> Invalid file: "Structure.php"
in SYSTEMPATH\Exceptions\FrameworkException.php on line 33.
 1 SYSTEMPATH\View\View.php(212): CodeIgniter\Exceptions\FrameworkException::forInvalidFile('Structure.php')
 2 SYSTEMPATH\Common.php(1176): CodeIgniter\View\View->render('Structure', [], true)
 3 APPPATH\Views\admin\admin_home.php(3774): view('Structure')
 4 SYSTEMPATH\View\View.php(224): include('E:\\laragon_test\\www\\print_document\\app\\Views\\admin\\admin_home.php')
 5 SYSTEMPATH\View\View.php(227): CodeIgniter\View\View->CodeIgniter\View\{closure}()
 6 SYSTEMPATH\Common.php(1176): CodeIgniter\View\View->render('admin/admin_home', [], true)
 7 APPPATH\Controllers\Admin.php(7): view('admin/admin_home')
 8 SYSTEMPATH\CodeIgniter.php(932): App\Controllers\Admin->index()
 9 SYSTEMPATH\CodeIgniter.php(497): CodeIgniter\CodeIgniter->runController(Object(App\Controllers\Admin))
10 SYSTEMPATH\CodeIgniter.php(366): CodeIgniter\CodeIgniter->handleRequest(null, Object(Config\Cache), false)
11 FCPATH\index.php(67): CodeIgniter\CodeIgniter->run()
CRITICAL - 2023-08-08 04:37:08 --> Invalid file: "Structure.php"
in SYSTEMPATH\Exceptions\FrameworkException.php on line 33.
 1 SYSTEMPATH\View\View.php(212): CodeIgniter\Exceptions\FrameworkException::forInvalidFile('Structure.php')
 2 SYSTEMPATH\Common.php(1176): CodeIgniter\View\View->render('Structure', [], true)
 3 APPPATH\Views\admin\admin_home.php(3774): view('Structure')
 4 SYSTEMPATH\View\View.php(224): include('E:\\laragon_test\\www\\print_document\\app\\Views\\admin\\admin_home.php')
 5 SYSTEMPATH\View\View.php(227): CodeIgniter\View\View->CodeIgniter\View\{closure}()
 6 SYSTEMPATH\Common.php(1176): CodeIgniter\View\View->render('admin/admin_home', [], true)
 7 APPPATH\Controllers\Admin.php(7): view('admin/admin_home')
 8 SYSTEMPATH\CodeIgniter.php(932): App\Controllers\Admin->index()
 9 SYSTEMPATH\CodeIgniter.php(497): CodeIgniter\CodeIgniter->runController(Object(App\Controllers\Admin))
10 SYSTEMPATH\CodeIgniter.php(366): CodeIgniter\CodeIgniter->handleRequest(null, Object(Config\Cache), false)
11 FCPATH\index.php(67): CodeIgniter\CodeIgniter->run()
CRITICAL - 2023-08-08 04:37:08 --> Invalid file: "Structure.php"
in SYSTEMPATH\Exceptions\FrameworkException.php on line 33.
 1 SYSTEMPATH\View\View.php(212): CodeIgniter\Exceptions\FrameworkException::forInvalidFile('Structure.php')
 2 SYSTEMPATH\Common.php(1176): CodeIgniter\View\View->render('Structure', [], true)
 3 APPPATH\Views\admin\admin_home.php(3774): view('Structure')
 4 SYSTEMPATH\View\View.php(224): include('E:\\laragon_test\\www\\print_document\\app\\Views\\admin\\admin_home.php')
 5 SYSTEMPATH\View\View.php(227): CodeIgniter\View\View->CodeIgniter\View\{closure}()
 6 SYSTEMPATH\Common.php(1176): CodeIgniter\View\View->render('admin/admin_home', [], true)
 7 APPPATH\Controllers\Admin.php(7): view('admin/admin_home')
 8 SYSTEMPATH\CodeIgniter.php(932): App\Controllers\Admin->index()
 9 SYSTEMPATH\CodeIgniter.php(497): CodeIgniter\CodeIgniter->runController(Object(App\Controllers\Admin))
10 SYSTEMPATH\CodeIgniter.php(366): CodeIgniter\CodeIgniter->handleRequest(null, Object(Config\Cache), false)
11 FCPATH\index.php(67): CodeIgniter\CodeIgniter->run()
CRITICAL - 2023-08-08 04:40:44 --> Invalid file: "Structure.php"
in SYSTEMPATH\Exceptions\FrameworkException.php on line 33.
 1 SYSTEMPATH\View\View.php(212): CodeIgniter\Exceptions\FrameworkException::forInvalidFile('Structure.php')
 2 SYSTEMPATH\Common.php(1176): CodeIgniter\View\View->render('Structure', [], true)
 3 APPPATH\Views\admin\admin_home.php(3774): view('Structure')
 4 SYSTEMPATH\View\View.php(224): include('E:\\laragon_test\\www\\print_document\\app\\Views\\admin\\admin_home.php')
 5 SYSTEMPATH\View\View.php(227): CodeIgniter\View\View->CodeIgniter\View\{closure}()
 6 SYSTEMPATH\Common.php(1176): CodeIgniter\View\View->render('admin/admin_home', [], true)
 7 APPPATH\Controllers\Admin.php(7): view('admin/admin_home')
 8 SYSTEMPATH\CodeIgniter.php(932): App\Controllers\Admin->index()
 9 SYSTEMPATH\CodeIgniter.php(497): CodeIgniter\CodeIgniter->runController(Object(App\Controllers\Admin))
10 SYSTEMPATH\CodeIgniter.php(366): CodeIgniter\CodeIgniter->handleRequest(null, Object(Config\Cache), false)
11 FCPATH\index.php(67): CodeIgniter\CodeIgniter->run()
CRITICAL - 2023-08-08 04:40:46 --> Invalid file: "Structure.php"
in SYSTEMPATH\Exceptions\FrameworkException.php on line 33.
 1 SYSTEMPATH\View\View.php(212): CodeIgniter\Exceptions\FrameworkException::forInvalidFile('Structure.php')
 2 SYSTEMPATH\Common.php(1176): CodeIgniter\View\View->render('Structure', [], true)
 3 APPPATH\Views\admin\admin_home.php(3774): view('Structure')
 4 SYSTEMPATH\View\View.php(224): include('E:\\laragon_test\\www\\print_document\\app\\Views\\admin\\admin_home.php')
 5 SYSTEMPATH\View\View.php(227): CodeIgniter\View\View->CodeIgniter\View\{closure}()
 6 SYSTEMPATH\Common.php(1176): CodeIgniter\View\View->render('admin/admin_home', [], true)
 7 APPPATH\Controllers\Admin.php(7): view('admin/admin_home')
 8 SYSTEMPATH\CodeIgniter.php(932): App\Controllers\Admin->index()
 9 SYSTEMPATH\CodeIgniter.php(497): CodeIgniter\CodeIgniter->runController(Object(App\Controllers\Admin))
10 SYSTEMPATH\CodeIgniter.php(366): CodeIgniter\CodeIgniter->handleRequest(null, Object(Config\Cache), false)
11 FCPATH\index.php(67): CodeIgniter\CodeIgniter->run()
CRITICAL - 2023-08-08 04:40:50 --> Invalid file: "Structure.php"
in SYSTEMPATH\Exceptions\FrameworkException.php on line 33.
 1 SYSTEMPATH\View\View.php(212): CodeIgniter\Exceptions\FrameworkException::forInvalidFile('Structure.php')
 2 SYSTEMPATH\Common.php(1176): CodeIgniter\View\View->render('Structure', [], true)
 3 APPPATH\Views\admin\admin_home.php(3774): view('Structure')
 4 SYSTEMPATH\View\View.php(224): include('E:\\laragon_test\\www\\print_document\\app\\Views\\admin\\admin_home.php')
 5 SYSTEMPATH\View\View.php(227): CodeIgniter\View\View->CodeIgniter\View\{closure}()
 6 SYSTEMPATH\Common.php(1176): CodeIgniter\View\View->render('admin/admin_home', [], true)
 7 APPPATH\Controllers\Admin.php(7): view('admin/admin_home')
 8 SYSTEMPATH\CodeIgniter.php(932): App\Controllers\Admin->index()
 9 SYSTEMPATH\CodeIgniter.php(497): CodeIgniter\CodeIgniter->runController(Object(App\Controllers\Admin))
10 SYSTEMPATH\CodeIgniter.php(366): CodeIgniter\CodeIgniter->handleRequest(null, Object(Config\Cache), false)
11 FCPATH\index.php(67): CodeIgniter\CodeIgniter->run()
CRITICAL - 2023-08-08 04:42:17 --> Invalid file: "Structure.php"
in SYSTEMPATH\Exceptions\FrameworkException.php on line 33.
 1 SYSTEMPATH\View\View.php(212): CodeIgniter\Exceptions\FrameworkException::forInvalidFile('Structure.php')
 2 SYSTEMPATH\View\View.php(452): CodeIgniter\View\View->render('Structure', null, true)
 3 APPPATH\Views\admin\admin_home.php(3776): CodeIgniter\View\View->include('Structure')
 4 SYSTEMPATH\View\View.php(224): include('E:\\laragon_test\\www\\print_document\\app\\Views\\admin\\admin_home.php')
 5 SYSTEMPATH\View\View.php(227): CodeIgniter\View\View->CodeIgniter\View\{closure}()
 6 SYSTEMPATH\Common.php(1176): CodeIgniter\View\View->render('admin/admin_home', [], true)
 7 APPPATH\Controllers\Admin.php(7): view('admin/admin_home')
 8 SYSTEMPATH\CodeIgniter.php(932): App\Controllers\Admin->index()
 9 SYSTEMPATH\CodeIgniter.php(497): CodeIgniter\CodeIgniter->runController(Object(App\Controllers\Admin))
10 SYSTEMPATH\CodeIgniter.php(366): CodeIgniter\CodeIgniter->handleRequest(null, Object(Config\Cache), false)
11 FCPATH\index.php(67): CodeIgniter\CodeIgniter->run()
CRITICAL - 2023-08-08 04:45:21 --> Undefined property: CodeIgniter\View\View::$load
in APPPATH\Views\admin\admin_home.php on line 3780.
 1 APPPATH\Views\admin\admin_home.php(3780): CodeIgniter\Debug\Exceptions->errorHandler(2, 'Undefined property: CodeIgniter\\View\\View::$load', 'E:\\laragon_test\\www\\print_document\\app\\Views\\admin\\admin_home.php', 3780)
 2 SYSTEMPATH\View\View.php(224): include('E:\\laragon_test\\www\\print_document\\app\\Views\\admin\\admin_home.php')
 3 SYSTEMPATH\View\View.php(227): CodeIgniter\View\View->CodeIgniter\View\{closure}()
 4 SYSTEMPATH\Common.php(1176): CodeIgniter\View\View->render('admin/admin_home', [], true)
 5 APPPATH\Controllers\Admin.php(7): view('admin/admin_home')
 6 SYSTEMPATH\CodeIgniter.php(932): App\Controllers\Admin->index()
 7 SYSTEMPATH\CodeIgniter.php(497): CodeIgniter\CodeIgniter->runController(Object(App\Controllers\Admin))
 8 SYSTEMPATH\CodeIgniter.php(366): CodeIgniter\CodeIgniter->handleRequest(null, Object(Config\Cache), false)
 9 FCPATH\index.php(67): CodeIgniter\CodeIgniter->run()
CRITICAL - 2023-08-08 04:45:22 --> Undefined property: CodeIgniter\View\View::$load
in APPPATH\Views\admin\admin_home.php on line 3780.
 1 APPPATH\Views\admin\admin_home.php(3780): CodeIgniter\Debug\Exceptions->errorHandler(2, 'Undefined property: CodeIgniter\\View\\View::$load', 'E:\\laragon_test\\www\\print_document\\app\\Views\\admin\\admin_home.php', 3780)
 2 SYSTEMPATH\View\View.php(224): include('E:\\laragon_test\\www\\print_document\\app\\Views\\admin\\admin_home.php')
 3 SYSTEMPATH\View\View.php(227): CodeIgniter\View\View->CodeIgniter\View\{closure}()
 4 SYSTEMPATH\Common.php(1176): CodeIgniter\View\View->render('admin/admin_home', [], true)
 5 APPPATH\Controllers\Admin.php(7): view('admin/admin_home')
 6 SYSTEMPATH\CodeIgniter.php(932): App\Controllers\Admin->index()
 7 SYSTEMPATH\CodeIgniter.php(497): CodeIgniter\CodeIgniter->runController(Object(App\Controllers\Admin))
 8 SYSTEMPATH\CodeIgniter.php(366): CodeIgniter\CodeIgniter->handleRequest(null, Object(Config\Cache), false)
 9 FCPATH\index.php(67): CodeIgniter\CodeIgniter->run()
CRITICAL - 2023-08-08 04:45:22 --> Undefined property: CodeIgniter\View\View::$load
in APPPATH\Views\admin\admin_home.php on line 3780.
 1 APPPATH\Views\admin\admin_home.php(3780): CodeIgniter\Debug\Exceptions->errorHandler(2, 'Undefined property: CodeIgniter\\View\\View::$load', 'E:\\laragon_test\\www\\print_document\\app\\Views\\admin\\admin_home.php', 3780)
 2 SYSTEMPATH\View\View.php(224): include('E:\\laragon_test\\www\\print_document\\app\\Views\\admin\\admin_home.php')
 3 SYSTEMPATH\View\View.php(227): CodeIgniter\View\View->CodeIgniter\View\{closure}()
 4 SYSTEMPATH\Common.php(1176): CodeIgniter\View\View->render('admin/admin_home', [], true)
 5 APPPATH\Controllers\Admin.php(7): view('admin/admin_home')
 6 SYSTEMPATH\CodeIgniter.php(932): App\Controllers\Admin->index()
 7 SYSTEMPATH\CodeIgniter.php(497): CodeIgniter\CodeIgniter->runController(Object(App\Controllers\Admin))
 8 SYSTEMPATH\CodeIgniter.php(366): CodeIgniter\CodeIgniter->handleRequest(null, Object(Config\Cache), false)
 9 FCPATH\index.php(67): CodeIgniter\CodeIgniter->run()
CRITICAL - 2023-08-08 04:45:23 --> Undefined property: CodeIgniter\View\View::$load
in APPPATH\Views\admin\admin_home.php on line 3780.
 1 APPPATH\Views\admin\admin_home.php(3780): CodeIgniter\Debug\Exceptions->errorHandler(2, 'Undefined property: CodeIgniter\\View\\View::$load', 'E:\\laragon_test\\www\\print_document\\app\\Views\\admin\\admin_home.php', 3780)
 2 SYSTEMPATH\View\View.php(224): include('E:\\laragon_test\\www\\print_document\\app\\Views\\admin\\admin_home.php')
 3 SYSTEMPATH\View\View.php(227): CodeIgniter\View\View->CodeIgniter\View\{closure}()
 4 SYSTEMPATH\Common.php(1176): CodeIgniter\View\View->render('admin/admin_home', [], true)
 5 APPPATH\Controllers\Admin.php(7): view('admin/admin_home')
 6 SYSTEMPATH\CodeIgniter.php(932): App\Controllers\Admin->index()
 7 SYSTEMPATH\CodeIgniter.php(497): CodeIgniter\CodeIgniter->runController(Object(App\Controllers\Admin))
 8 SYSTEMPATH\CodeIgniter.php(366): CodeIgniter\CodeIgniter->handleRequest(null, Object(Config\Cache), false)
 9 FCPATH\index.php(67): CodeIgniter\CodeIgniter->run()
CRITICAL - 2023-08-08 04:45:23 --> Undefined property: CodeIgniter\View\View::$load
in APPPATH\Views\admin\admin_home.php on line 3780.
 1 APPPATH\Views\admin\admin_home.php(3780): CodeIgniter\Debug\Exceptions->errorHandler(2, 'Undefined property: CodeIgniter\\View\\View::$load', 'E:\\laragon_test\\www\\print_document\\app\\Views\\admin\\admin_home.php', 3780)
 2 SYSTEMPATH\View\View.php(224): include('E:\\laragon_test\\www\\print_document\\app\\Views\\admin\\admin_home.php')
 3 SYSTEMPATH\View\View.php(227): CodeIgniter\View\View->CodeIgniter\View\{closure}()
 4 SYSTEMPATH\Common.php(1176): CodeIgniter\View\View->render('admin/admin_home', [], true)
 5 APPPATH\Controllers\Admin.php(7): view('admin/admin_home')
 6 SYSTEMPATH\CodeIgniter.php(932): App\Controllers\Admin->index()
 7 SYSTEMPATH\CodeIgniter.php(497): CodeIgniter\CodeIgniter->runController(Object(App\Controllers\Admin))
 8 SYSTEMPATH\CodeIgniter.php(366): CodeIgniter\CodeIgniter->handleRequest(null, Object(Config\Cache), false)
 9 FCPATH\index.php(67): CodeIgniter\CodeIgniter->run()
CRITICAL - 2023-08-08 04:45:23 --> Undefined property: CodeIgniter\View\View::$load
in APPPATH\Views\admin\admin_home.php on line 3780.
 1 APPPATH\Views\admin\admin_home.php(3780): CodeIgniter\Debug\Exceptions->errorHandler(2, 'Undefined property: CodeIgniter\\View\\View::$load', 'E:\\laragon_test\\www\\print_document\\app\\Views\\admin\\admin_home.php', 3780)
 2 SYSTEMPATH\View\View.php(224): include('E:\\laragon_test\\www\\print_document\\app\\Views\\admin\\admin_home.php')
 3 SYSTEMPATH\View\View.php(227): CodeIgniter\View\View->CodeIgniter\View\{closure}()
 4 SYSTEMPATH\Common.php(1176): CodeIgniter\View\View->render('admin/admin_home', [], true)
 5 APPPATH\Controllers\Admin.php(7): view('admin/admin_home')
 6 SYSTEMPATH\CodeIgniter.php(932): App\Controllers\Admin->index()
 7 SYSTEMPATH\CodeIgniter.php(497): CodeIgniter\CodeIgniter->runController(Object(App\Controllers\Admin))
 8 SYSTEMPATH\CodeIgniter.php(366): CodeIgniter\CodeIgniter->handleRequest(null, Object(Config\Cache), false)
 9 FCPATH\index.php(67): CodeIgniter\CodeIgniter->run()
CRITICAL - 2023-08-08 04:45:52 --> Undefined property: CodeIgniter\View\View::$load
in APPPATH\Views\admin\admin_home.php on line 3780.
 1 APPPATH\Views\admin\admin_home.php(3780): CodeIgniter\Debug\Exceptions->errorHandler(2, 'Undefined property: CodeIgniter\\View\\View::$load', 'E:\\laragon_test\\www\\print_document\\app\\Views\\admin\\admin_home.php', 3780)
 2 SYSTEMPATH\View\View.php(224): include('E:\\laragon_test\\www\\print_document\\app\\Views\\admin\\admin_home.php')
 3 SYSTEMPATH\View\View.php(227): CodeIgniter\View\View->CodeIgniter\View\{closure}()
 4 SYSTEMPATH\Common.php(1176): CodeIgniter\View\View->render('admin/admin_home', [], true)
 5 APPPATH\Controllers\Admin.php(7): view('admin/admin_home')
 6 SYSTEMPATH\CodeIgniter.php(932): App\Controllers\Admin->index()
 7 SYSTEMPATH\CodeIgniter.php(497): CodeIgniter\CodeIgniter->runController(Object(App\Controllers\Admin))
 8 SYSTEMPATH\CodeIgniter.php(366): CodeIgniter\CodeIgniter->handleRequest(null, Object(Config\Cache), false)
 9 FCPATH\index.php(67): CodeIgniter\CodeIgniter->run()
CRITICAL - 2023-08-08 04:45:53 --> Undefined property: CodeIgniter\View\View::$load
in APPPATH\Views\admin\admin_home.php on line 3780.
 1 APPPATH\Views\admin\admin_home.php(3780): CodeIgniter\Debug\Exceptions->errorHandler(2, 'Undefined property: CodeIgniter\\View\\View::$load', 'E:\\laragon_test\\www\\print_document\\app\\Views\\admin\\admin_home.php', 3780)
 2 SYSTEMPATH\View\View.php(224): include('E:\\laragon_test\\www\\print_document\\app\\Views\\admin\\admin_home.php')
 3 SYSTEMPATH\View\View.php(227): CodeIgniter\View\View->CodeIgniter\View\{closure}()
 4 SYSTEMPATH\Common.php(1176): CodeIgniter\View\View->render('admin/admin_home', [], true)
 5 APPPATH\Controllers\Admin.php(7): view('admin/admin_home')
 6 SYSTEMPATH\CodeIgniter.php(932): App\Controllers\Admin->index()
 7 SYSTEMPATH\CodeIgniter.php(497): CodeIgniter\CodeIgniter->runController(Object(App\Controllers\Admin))
 8 SYSTEMPATH\CodeIgniter.php(366): CodeIgniter\CodeIgniter->handleRequest(null, Object(Config\Cache), false)
 9 FCPATH\index.php(67): CodeIgniter\CodeIgniter->run()
CRITICAL - 2023-08-08 04:51:44 --> Undefined property: CodeIgniter\View\View::$load
in APPPATH\Views\admin\admin_home.php on line 3782.
 1 APPPATH\Views\admin\admin_home.php(3782): CodeIgniter\Debug\Exceptions->errorHandler(2, 'Undefined property: CodeIgniter\\View\\View::$load', 'E:\\laragon_test\\www\\print_document\\app\\Views\\admin\\admin_home.php', 3782)
 2 SYSTEMPATH\View\View.php(224): include('E:\\laragon_test\\www\\print_document\\app\\Views\\admin\\admin_home.php')
 3 SYSTEMPATH\View\View.php(227): CodeIgniter\View\View->CodeIgniter\View\{closure}()
 4 SYSTEMPATH\Common.php(1176): CodeIgniter\View\View->render('admin/admin_home', [], true)
 5 APPPATH\Controllers\Admin.php(7): view('admin/admin_home')
 6 SYSTEMPATH\CodeIgniter.php(932): App\Controllers\Admin->index()
 7 SYSTEMPATH\CodeIgniter.php(497): CodeIgniter\CodeIgniter->runController(Object(App\Controllers\Admin))
 8 SYSTEMPATH\CodeIgniter.php(366): CodeIgniter\CodeIgniter->handleRequest(null, Object(Config\Cache), false)
 9 FCPATH\index.php(67): CodeIgniter\CodeIgniter->run()
CRITICAL - 2023-08-08 04:51:46 --> Undefined property: CodeIgniter\View\View::$load
in APPPATH\Views\admin\admin_home.php on line 3782.
 1 APPPATH\Views\admin\admin_home.php(3782): CodeIgniter\Debug\Exceptions->errorHandler(2, 'Undefined property: CodeIgniter\\View\\View::$load', 'E:\\laragon_test\\www\\print_document\\app\\Views\\admin\\admin_home.php', 3782)
 2 SYSTEMPATH\View\View.php(224): include('E:\\laragon_test\\www\\print_document\\app\\Views\\admin\\admin_home.php')
 3 SYSTEMPATH\View\View.php(227): CodeIgniter\View\View->CodeIgniter\View\{closure}()
 4 SYSTEMPATH\Common.php(1176): CodeIgniter\View\View->render('admin/admin_home', [], true)
 5 APPPATH\Controllers\Admin.php(7): view('admin/admin_home')
 6 SYSTEMPATH\CodeIgniter.php(932): App\Controllers\Admin->index()
 7 SYSTEMPATH\CodeIgniter.php(497): CodeIgniter\CodeIgniter->runController(Object(App\Controllers\Admin))
 8 SYSTEMPATH\CodeIgniter.php(366): CodeIgniter\CodeIgniter->handleRequest(null, Object(Config\Cache), false)
 9 FCPATH\index.php(67): CodeIgniter\CodeIgniter->run()
CRITICAL - 2023-08-08 04:51:46 --> Undefined property: CodeIgniter\View\View::$load
in APPPATH\Views\admin\admin_home.php on line 3782.
 1 APPPATH\Views\admin\admin_home.php(3782): CodeIgniter\Debug\Exceptions->errorHandler(2, 'Undefined property: CodeIgniter\\View\\View::$load', 'E:\\laragon_test\\www\\print_document\\app\\Views\\admin\\admin_home.php', 3782)
 2 SYSTEMPATH\View\View.php(224): include('E:\\laragon_test\\www\\print_document\\app\\Views\\admin\\admin_home.php')
 3 SYSTEMPATH\View\View.php(227): CodeIgniter\View\View->CodeIgniter\View\{closure}()
 4 SYSTEMPATH\Common.php(1176): CodeIgniter\View\View->render('admin/admin_home', [], true)
 5 APPPATH\Controllers\Admin.php(7): view('admin/admin_home')
 6 SYSTEMPATH\CodeIgniter.php(932): App\Controllers\Admin->index()
 7 SYSTEMPATH\CodeIgniter.php(497): CodeIgniter\CodeIgniter->runController(Object(App\Controllers\Admin))
 8 SYSTEMPATH\CodeIgniter.php(366): CodeIgniter\CodeIgniter->handleRequest(null, Object(Config\Cache), false)
 9 FCPATH\index.php(67): CodeIgniter\CodeIgniter->run()
CRITICAL - 2023-08-08 04:51:47 --> Undefined property: CodeIgniter\View\View::$load
in APPPATH\Views\admin\admin_home.php on line 3782.
 1 APPPATH\Views\admin\admin_home.php(3782): CodeIgniter\Debug\Exceptions->errorHandler(2, 'Undefined property: CodeIgniter\\View\\View::$load', 'E:\\laragon_test\\www\\print_document\\app\\Views\\admin\\admin_home.php', 3782)
 2 SYSTEMPATH\View\View.php(224): include('E:\\laragon_test\\www\\print_document\\app\\Views\\admin\\admin_home.php')
 3 SYSTEMPATH\View\View.php(227): CodeIgniter\View\View->CodeIgniter\View\{closure}()
 4 SYSTEMPATH\Common.php(1176): CodeIgniter\View\View->render('admin/admin_home', [], true)
 5 APPPATH\Controllers\Admin.php(7): view('admin/admin_home')
 6 SYSTEMPATH\CodeIgniter.php(932): App\Controllers\Admin->index()
 7 SYSTEMPATH\CodeIgniter.php(497): CodeIgniter\CodeIgniter->runController(Object(App\Controllers\Admin))
 8 SYSTEMPATH\CodeIgniter.php(366): CodeIgniter\CodeIgniter->handleRequest(null, Object(Config\Cache), false)
 9 FCPATH\index.php(67): CodeIgniter\CodeIgniter->run()
CRITICAL - 2023-08-08 04:51:47 --> Undefined property: CodeIgniter\View\View::$load
in APPPATH\Views\admin\admin_home.php on line 3782.
 1 APPPATH\Views\admin\admin_home.php(3782): CodeIgniter\Debug\Exceptions->errorHandler(2, 'Undefined property: CodeIgniter\\View\\View::$load', 'E:\\laragon_test\\www\\print_document\\app\\Views\\admin\\admin_home.php', 3782)
 2 SYSTEMPATH\View\View.php(224): include('E:\\laragon_test\\www\\print_document\\app\\Views\\admin\\admin_home.php')
 3 SYSTEMPATH\View\View.php(227): CodeIgniter\View\View->CodeIgniter\View\{closure}()
 4 SYSTEMPATH\Common.php(1176): CodeIgniter\View\View->render('admin/admin_home', [], true)
 5 APPPATH\Controllers\Admin.php(7): view('admin/admin_home')
 6 SYSTEMPATH\CodeIgniter.php(932): App\Controllers\Admin->index()
 7 SYSTEMPATH\CodeIgniter.php(497): CodeIgniter\CodeIgniter->runController(Object(App\Controllers\Admin))
 8 SYSTEMPATH\CodeIgniter.php(366): CodeIgniter\CodeIgniter->handleRequest(null, Object(Config\Cache), false)
 9 FCPATH\index.php(67): CodeIgniter\CodeIgniter->run()
CRITICAL - 2023-08-08 04:51:47 --> Undefined property: CodeIgniter\View\View::$load
in APPPATH\Views\admin\admin_home.php on line 3782.
 1 APPPATH\Views\admin\admin_home.php(3782): CodeIgniter\Debug\Exceptions->errorHandler(2, 'Undefined property: CodeIgniter\\View\\View::$load', 'E:\\laragon_test\\www\\print_document\\app\\Views\\admin\\admin_home.php', 3782)
 2 SYSTEMPATH\View\View.php(224): include('E:\\laragon_test\\www\\print_document\\app\\Views\\admin\\admin_home.php')
 3 SYSTEMPATH\View\View.php(227): CodeIgniter\View\View->CodeIgniter\View\{closure}()
 4 SYSTEMPATH\Common.php(1176): CodeIgniter\View\View->render('admin/admin_home', [], true)
 5 APPPATH\Controllers\Admin.php(7): view('admin/admin_home')
 6 SYSTEMPATH\CodeIgniter.php(932): App\Controllers\Admin->index()
 7 SYSTEMPATH\CodeIgniter.php(497): CodeIgniter\CodeIgniter->runController(Object(App\Controllers\Admin))
 8 SYSTEMPATH\CodeIgniter.php(366): CodeIgniter\CodeIgniter->handleRequest(null, Object(Config\Cache), false)
 9 FCPATH\index.php(67): CodeIgniter\CodeIgniter->run()
